<?xml version="1.0" encoding="UTF-8"?>
<testsuite xmlns:xsi="http://www.w3.org/2001/XMLSchema-instance" xsi:noNamespaceSchemaLocation="https://maven.apache.org/surefire/maven-surefire-plugin/xsd/surefire-test-report-3.0.xsd" version="3.0" name="com.autospark.migueljuliana.unitarias.services.ReservationServiceImplTest" time="0.09" tests="16" errors="0" skipped="0" failures="0">
  <properties>
[...]
</properties>
  <testcase name="testFindReservationByIdNotFound" classname="com.autospark.migueljuliana.unitarias.services.ReservationServiceImplTest" time="0.003"/>
  <testcase name="testUpdateReservationSuccess" classname="com.autospark.migueljuliana.unitarias.services.ReservationServiceImplTest" time="0.005">
    <system-out><![CDATA[13:50:44.301 [main] INFO com.autospark.migueljuliana.services.ReservationServiceImpl -- Reservation with id: 1 updated successfully
]]></system-out>
  </testcase>
  <testcase name="testGetReservationsWithUsersSuccess" classname="com.autospark.migueljuliana.unitarias.services.ReservationServiceImplTest" time="0.008"/>
  <testcase name="testActivateReservation" classname="com.autospark.migueljuliana.unitarias.services.ReservationServiceImplTest" time="0.005">
    <system-out><![CDATA[13:50:44.315 [main] INFO com.autospark.migueljuliana.services.ReservationServiceImpl -- Activating reservation with id: 1
13:50:44.316 [main] INFO com.autospark.migueljuliana.services.ReservationServiceImpl -- Reservation with id: 1 activated
]]></system-out>
  </testcase>
  <testcase name="testActivateReservationNotFound" classname="com.autospark.migueljuliana.unitarias.services.ReservationServiceImplTest" time="0.004">
    <system-out><![CDATA[13:50:44.320 [main] INFO com.autospark.migueljuliana.services.ReservationServiceImpl -- Activating reservation with id: 999
]]></system-out>
  </testcase>
  <testcase name="testDeleteReservationNotFound" classname="com.autospark.migueljuliana.unitarias.services.ReservationServiceImplTest" time="0.005">
    <system-out><![CDATA[13:50:44.325 [main] INFO com.autospark.migueljuliana.services.ReservationServiceImpl -- Deleting reservation with id: 999
13:50:44.325 [main] INFO com.autospark.migueljuliana.services.ReservationServiceImpl -- Reservation with id: 999 deleted successfully
]]></system-out>
  </testcase>
  <testcase name="testDeactivateReservationNotFound" classname="com.autospark.migueljuliana.unitarias.services.ReservationServiceImplTest" time="0.005">
    <system-out><![CDATA[13:50:44.330 [main] INFO com.autospark.migueljuliana.services.ReservationServiceImpl -- Deactivating reservation with id: 999
]]></system-out>
  </testcase>
  <testcase name="testCreateReservationWithPastDate" classname="com.autospark.migueljuliana.unitarias.services.ReservationServiceImplTest" time="0.009"/>
  <testcase name="testGetReservationsWithUsersUserNotFound" classname="com.autospark.migueljuliana.unitarias.services.ReservationServiceImplTest" time="0.003"/>
  <testcase name="testUpdateReservationNotFound" classname="com.autospark.migueljuliana.unitarias.services.ReservationServiceImplTest" time="0.004"/>
  <testcase name="testExistsByDateAndTimeTrue" classname="com.autospark.migueljuliana.unitarias.services.ReservationServiceImplTest" time="0.005"/>
  <testcase name="testCreateReservation" classname="com.autospark.migueljuliana.unitarias.services.ReservationServiceImplTest" time="0.004"/>
  <testcase name="testFindReservationByIdFound" classname="com.autospark.migueljuliana.unitarias.services.ReservationServiceImplTest" time="0.004"/>
  <testcase name="testExistsByDateAndTimeFalse" classname="com.autospark.migueljuliana.unitarias.services.ReservationServiceImplTest" time="0.004"/>
  <testcase name="testFindAllReservations" classname="com.autospark.migueljuliana.unitarias.services.ReservationServiceImplTest" time="0.003"/>
  <testcase name="testDeactivateReservationSuccess" classname="com.autospark.migueljuliana.unitarias.services.ReservationServiceImplTest" time="0.004">
    <system-out><![CDATA[13:50:44.379 [main] INFO com.autospark.migueljuliana.services.ReservationServiceImpl -- Deactivating reservation with id: 1
13:50:44.379 [main] INFO com.autospark.migueljuliana.services.ReservationServiceImpl -- Reservation with id: 1 deactivated
]]></system-out>
  </testcase>
</testsuite>