<?xml version="1.0" encoding="UTF-8"?>
<testsuite xmlns:xsi="http://www.w3.org/2001/XMLSchema-instance" xsi:noNamespaceSchemaLocation="https://maven.apache.org/surefire/maven-surefire-plugin/xsd/surefire-test-report.xsd" version="3.0.1" name="edu.calidadsoftware.taskmanager.selenium.tests.TaskManagerUiTest" time="80.328" tests="6" errors="4" skipped="0" failures="0">
  <properties>
[...]
</properties>
  <testcase name="tc06_filterByStatus" classname="edu.calidadsoftware.taskmanager.selenium.tests.TaskManagerUiTest" time="20.741">
    <error message="Expected condition failed: waiting for url to contain &quot;/tasks&quot;. Current url: &quot;http://app:8080/login?logout=true&quot; (tried for 15 second(s) with 500 milliseconds interval)&#10;Build info: version: &apos;4.23.0&apos;, revision: &apos;4df0a231af&apos;&#10;System info: os.name: &apos;Linux&apos;, os.arch: &apos;amd64&apos;, os.version: &apos;6.6.87.2-microsoft-standard-WSL2&apos;, java.version: &apos;11.0.31&apos;&#10;Driver info: org.openqa.selenium.remote.RemoteWebDriver&#10;Capabilities {acceptInsecureCerts: false, browserName: chrome, browserVersion: 125.0.6422.76, chrome: {chromedriverVersion: 125.0.6422.76 (67dcf7562b8f..., userDataDir: /tmp/.org.chromium.Chromium...}, fedcm:accounts: true, goog:chromeOptions: {debuggerAddress: localhost:41217}, networkConnectionEnabled: false, pageLoadStrategy: normal, platformName: any, proxy: Proxy(), se:bidiEnabled: false, se:cdp: ws://172.20.0.4:4444/sessio..., se:cdpVersion: 125.0.6422.76, se:vnc: ws://172.20.0.4:4444/sessio..., se:vncEnabled: true, se:vncLocalAddress: ws://172.20.0.4:7900, setWindowRect: true, strictFileInteractability: false, timeouts: {implicit: 0, pageLoad: 300000, script: 30000}, unhandledPromptBehavior: dismiss and notify, webauthn:extension:credBlob: true, webauthn:extension:largeBlob: true, webauthn:extension:minPinLength: true, webauthn:extension:prf: true, webauthn:virtualAuthenticators: true}&#10;Session ID: 96c025507121853e8ea271a38e7f89c8" type="org.openqa.selenium.TimeoutException"><![CDATA[org.openqa.selenium.TimeoutException: 
Expected condition failed: waiting for url to contain "/tasks". Current url: "http://app:8080/login?logout=true" (tried for 15 second(s) with 500 milliseconds interval)
Build info: version: '4.23.0', revision: '4df0a231af'
System info: os.name: 'Linux', os.arch: 'amd64', os.version: '6.6.87.2-microsoft-standard-WSL2', java.version: '11.0.31'
Driver info: org.openqa.selenium.remote.RemoteWebDriver
Capabilities {acceptInsecureCerts: false, browserName: chrome, browserVersion: 125.0.6422.76, chrome: {chromedriverVersion: 125.0.6422.76 (67dcf7562b8f..., userDataDir: /tmp/.org.chromium.Chromium...}, fedcm:accounts: true, goog:chromeOptions: {debuggerAddress: localhost:41217}, networkConnectionEnabled: false, pageLoadStrategy: normal, platformName: any, proxy: Proxy(), se:bidiEnabled: false, se:cdp: ws://172.20.0.4:4444/sessio..., se:cdpVersion: 125.0.6422.76, se:vnc: ws://172.20.0.4:4444/sessio..., se:vncEnabled: true, se:vncLocalAddress: ws://172.20.0.4:7900, setWindowRect: true, strictFileInteractability: false, timeouts: {implicit: 0, pageLoad: 300000, script: 30000}, unhandledPromptBehavior: dismiss and notify, webauthn:extension:credBlob: true, webauthn:extension:largeBlob: true, webauthn:extension:minPinLength: true, webauthn:extension:prf: true, webauthn:virtualAuthenticators: true}
Session ID: 96c025507121853e8ea271a38e7f89c8
	at org.openqa.selenium.support.ui.WebDriverWait.timeoutException(WebDriverWait.java:84)
	at org.openqa.selenium.support.ui.FluentWait.until(FluentWait.java:228)
	at edu.calidadsoftware.taskmanager.selenium.pages.BasePage.waitUrlContains(BasePage.java:46)
	at edu.calidadsoftware.taskmanager.selenium.pages.TaskFormPage.submit(TaskFormPage.java:44)
	at edu.calidadsoftware.taskmanager.selenium.tests.TaskManagerUiTest.tc06_filterByStatus(TaskManagerUiTest.java:135)
	at java.base/java.lang.reflect.Method.invoke(Method.java:566)
	at java.base/java.util.ArrayList.forEach(ArrayList.java:1541)
	at java.base/java.util.ArrayList.forEach(ArrayList.java:1541)
]]></error>
    <system-err><![CDATA[May 19, 2026 10:52:50 AM org.openqa.selenium.remote.tracing.opentelemetry.OpenTelemetryTracer createTracer
INFO: Using OpenTelemetry for tracing
]]></system-err>
  </testcase>
  <testcase name="tc01_loginSuccess" classname="edu.calidadsoftware.taskmanager.selenium.tests.TaskManagerUiTest" time="1.513"/>
  <testcase name="tc03_createTask" classname="edu.calidadsoftware.taskmanager.selenium.tests.TaskManagerUiTest" time="17.758">
    <error message="Expected condition failed: waiting for url to contain &quot;/tasks&quot;. Current url: &quot;http://app:8080/login?logout=true&quot; (tried for 15 second(s) with 500 milliseconds interval)&#10;Build info: version: &apos;4.23.0&apos;, revision: &apos;4df0a231af&apos;&#10;System info: os.name: &apos;Linux&apos;, os.arch: &apos;amd64&apos;, os.version: &apos;6.6.87.2-microsoft-standard-WSL2&apos;, java.version: &apos;11.0.31&apos;&#10;Driver info: org.openqa.selenium.remote.RemoteWebDriver&#10;Capabilities {acceptInsecureCerts: false, browserName: chrome, browserVersion: 125.0.6422.76, chrome: {chromedriverVersion: 125.0.6422.76 (67dcf7562b8f..., userDataDir: /tmp/.org.chromium.Chromium...}, fedcm:accounts: true, goog:chromeOptions: {debuggerAddress: localhost:39205}, networkConnectionEnabled: false, pageLoadStrategy: normal, platformName: any, proxy: Proxy(), se:bidiEnabled: false, se:cdp: ws://172.20.0.4:4444/sessio..., se:cdpVersion: 125.0.6422.76, se:vnc: ws://172.20.0.4:4444/sessio..., se:vncEnabled: true, se:vncLocalAddress: ws://172.20.0.4:7900, setWindowRect: true, strictFileInteractability: false, timeouts: {implicit: 0, pageLoad: 300000, script: 30000}, unhandledPromptBehavior: dismiss and notify, webauthn:extension:credBlob: true, webauthn:extension:largeBlob: true, webauthn:extension:minPinLength: true, webauthn:extension:prf: true, webauthn:virtualAuthenticators: true}&#10;Session ID: 8d89396c5aa81ed76cc36f85e4d5d2cd" type="org.openqa.selenium.TimeoutException"><![CDATA[org.openqa.selenium.TimeoutException: 
Expected condition failed: waiting for url to contain "/tasks". Current url: "http://app:8080/login?logout=true" (tried for 15 second(s) with 500 milliseconds interval)
Build info: version: '4.23.0', revision: '4df0a231af'
System info: os.name: 'Linux', os.arch: 'amd64', os.version: '6.6.87.2-microsoft-standard-WSL2', java.version: '11.0.31'
Driver info: org.openqa.selenium.remote.RemoteWebDriver
Capabilities {acceptInsecureCerts: false, browserName: chrome, browserVersion: 125.0.6422.76, chrome: {chromedriverVersion: 125.0.6422.76 (67dcf7562b8f..., userDataDir: /tmp/.org.chromium.Chromium...}, fedcm:accounts: true, goog:chromeOptions: {debuggerAddress: localhost:39205}, networkConnectionEnabled: false, pageLoadStrategy: normal, platformName: any, proxy: Proxy(), se:bidiEnabled: false, se:cdp: ws://172.20.0.4:4444/sessio..., se:cdpVersion: 125.0.6422.76, se:vnc: ws://172.20.0.4:4444/sessio..., se:vncEnabled: true, se:vncLocalAddress: ws://172.20.0.4:7900, setWindowRect: true, strictFileInteractability: false, timeouts: {implicit: 0, pageLoad: 300000, script: 30000}, unhandledPromptBehavior: dismiss and notify, webauthn:extension:credBlob: true, webauthn:extension:largeBlob: true, webauthn:extension:minPinLength: true, webauthn:extension:prf: true, webauthn:virtualAuthenticators: true}
Session ID: 8d89396c5aa81ed76cc36f85e4d5d2cd
	at org.openqa.selenium.support.ui.WebDriverWait.timeoutException(WebDriverWait.java:84)
	at org.openqa.selenium.support.ui.FluentWait.until(FluentWait.java:228)
	at edu.calidadsoftware.taskmanager.selenium.pages.BasePage.waitUrlContains(BasePage.java:46)
	at edu.calidadsoftware.taskmanager.selenium.pages.TaskFormPage.submit(TaskFormPage.java:44)
	at edu.calidadsoftware.taskmanager.selenium.tests.TaskManagerUiTest.tc03_createTask(TaskManagerUiTest.java:60)
	at java.base/java.lang.reflect.Method.invoke(Method.java:566)
	at java.base/java.util.ArrayList.forEach(ArrayList.java:1541)
	at java.base/java.util.ArrayList.forEach(ArrayList.java:1541)
]]></error>
  </testcase>
  <testcase name="tc02_loginFailure" classname="edu.calidadsoftware.taskmanager.selenium.tests.TaskManagerUiTest" time="2.143"/>
  <testcase name="tc04_editTask" classname="edu.calidadsoftware.taskmanager.selenium.tests.TaskManagerUiTest" time="18.007">
    <error message="Expected condition failed: waiting for url to contain &quot;/tasks&quot;. Current url: &quot;http://app:8080/login?logout=true&quot; (tried for 15 second(s) with 500 milliseconds interval)&#10;Build info: version: &apos;4.23.0&apos;, revision: &apos;4df0a231af&apos;&#10;System info: os.name: &apos;Linux&apos;, os.arch: &apos;amd64&apos;, os.version: &apos;6.6.87.2-microsoft-standard-WSL2&apos;, java.version: &apos;11.0.31&apos;&#10;Driver info: org.openqa.selenium.remote.RemoteWebDriver&#10;Capabilities {acceptInsecureCerts: false, browserName: chrome, browserVersion: 125.0.6422.76, chrome: {chromedriverVersion: 125.0.6422.76 (67dcf7562b8f..., userDataDir: /tmp/.org.chromium.Chromium...}, fedcm:accounts: true, goog:chromeOptions: {debuggerAddress: localhost:37235}, networkConnectionEnabled: false, pageLoadStrategy: normal, platformName: any, proxy: Proxy(), se:bidiEnabled: false, se:cdp: ws://172.20.0.4:4444/sessio..., se:cdpVersion: 125.0.6422.76, se:vnc: ws://172.20.0.4:4444/sessio..., se:vncEnabled: true, se:vncLocalAddress: ws://172.20.0.4:7900, setWindowRect: true, strictFileInteractability: false, timeouts: {implicit: 0, pageLoad: 300000, script: 30000}, unhandledPromptBehavior: dismiss and notify, webauthn:extension:credBlob: true, webauthn:extension:largeBlob: true, webauthn:extension:minPinLength: true, webauthn:extension:prf: true, webauthn:virtualAuthenticators: true}&#10;Session ID: 12511bc599fa6d10a59d8126550de866" type="org.openqa.selenium.TimeoutException"><![CDATA[org.openqa.selenium.TimeoutException: 
Expected condition failed: waiting for url to contain "/tasks". Current url: "http://app:8080/login?logout=true" (tried for 15 second(s) with 500 milliseconds interval)
Build info: version: '4.23.0', revision: '4df0a231af'
System info: os.name: 'Linux', os.arch: 'amd64', os.version: '6.6.87.2-microsoft-standard-WSL2', java.version: '11.0.31'
Driver info: org.openqa.selenium.remote.RemoteWebDriver
Capabilities {acceptInsecureCerts: false, browserName: chrome, browserVersion: 125.0.6422.76, chrome: {chromedriverVersion: 125.0.6422.76 (67dcf7562b8f..., userDataDir: /tmp/.org.chromium.Chromium...}, fedcm:accounts: true, goog:chromeOptions: {debuggerAddress: localhost:37235}, networkConnectionEnabled: false, pageLoadStrategy: normal, platformName: any, proxy: Proxy(), se:bidiEnabled: false, se:cdp: ws://172.20.0.4:4444/sessio..., se:cdpVersion: 125.0.6422.76, se:vnc: ws://172.20.0.4:4444/sessio..., se:vncEnabled: true, se:vncLocalAddress: ws://172.20.0.4:7900, setWindowRect: true, strictFileInteractability: false, timeouts: {implicit: 0, pageLoad: 300000, script: 30000}, unhandledPromptBehavior: dismiss and notify, webauthn:extension:credBlob: true, webauthn:extension:largeBlob: true, webauthn:extension:minPinLength: true, webauthn:extension:prf: true, webauthn:virtualAuthenticators: true}
Session ID: 12511bc599fa6d10a59d8126550de866
	at org.openqa.selenium.support.ui.WebDriverWait.timeoutException(WebDriverWait.java:84)
	at org.openqa.selenium.support.ui.FluentWait.until(FluentWait.java:228)
	at edu.calidadsoftware.taskmanager.selenium.pages.BasePage.waitUrlContains(BasePage.java:46)
	at edu.calidadsoftware.taskmanager.selenium.pages.TaskFormPage.submit(TaskFormPage.java:44)
	at edu.calidadsoftware.taskmanager.selenium.tests.TaskManagerUiTest.tc04_editTask(TaskManagerUiTest.java:81)
	at java.base/java.lang.reflect.Method.invoke(Method.java:566)
	at java.base/java.util.ArrayList.forEach(ArrayList.java:1541)
	at java.base/java.util.ArrayList.forEach(ArrayList.java:1541)
]]></error>
  </testcase>
  <testcase name="tc05_deleteTask" classname="edu.calidadsoftware.taskmanager.selenium.tests.TaskManagerUiTest" time="18.195">
    <error message="Expected condition failed: waiting for url to contain &quot;/tasks&quot;. Current url: &quot;http://app:8080/login?logout=true&quot; (tried for 15 second(s) with 500 milliseconds interval)&#10;Build info: version: &apos;4.23.0&apos;, revision: &apos;4df0a231af&apos;&#10;System info: os.name: &apos;Linux&apos;, os.arch: &apos;amd64&apos;, os.version: &apos;6.6.87.2-microsoft-standard-WSL2&apos;, java.version: &apos;11.0.31&apos;&#10;Driver info: org.openqa.selenium.remote.RemoteWebDriver&#10;Capabilities {acceptInsecureCerts: false, browserName: chrome, browserVersion: 125.0.6422.76, chrome: {chromedriverVersion: 125.0.6422.76 (67dcf7562b8f..., userDataDir: /tmp/.org.chromium.Chromium...}, fedcm:accounts: true, goog:chromeOptions: {debuggerAddress: localhost:36645}, networkConnectionEnabled: false, pageLoadStrategy: normal, platformName: any, proxy: Proxy(), se:bidiEnabled: false, se:cdp: ws://172.20.0.4:4444/sessio..., se:cdpVersion: 125.0.6422.76, se:vnc: ws://172.20.0.4:4444/sessio..., se:vncEnabled: true, se:vncLocalAddress: ws://172.20.0.4:7900, setWindowRect: true, strictFileInteractability: false, timeouts: {implicit: 0, pageLoad: 300000, script: 30000}, unhandledPromptBehavior: dismiss and notify, webauthn:extension:credBlob: true, webauthn:extension:largeBlob: true, webauthn:extension:minPinLength: true, webauthn:extension:prf: true, webauthn:virtualAuthenticators: true}&#10;Session ID: 9fb78128b2e0abc5220b38223a88188c" type="org.openqa.selenium.TimeoutException"><![CDATA[org.openqa.selenium.TimeoutException: 
Expected condition failed: waiting for url to contain "/tasks". Current url: "http://app:8080/login?logout=true" (tried for 15 second(s) with 500 milliseconds interval)
Build info: version: '4.23.0', revision: '4df0a231af'
System info: os.name: 'Linux', os.arch: 'amd64', os.version: '6.6.87.2-microsoft-standard-WSL2', java.version: '11.0.31'
Driver info: org.openqa.selenium.remote.RemoteWebDriver
Capabilities {acceptInsecureCerts: false, browserName: chrome, browserVersion: 125.0.6422.76, chrome: {chromedriverVersion: 125.0.6422.76 (67dcf7562b8f..., userDataDir: /tmp/.org.chromium.Chromium...}, fedcm:accounts: true, goog:chromeOptions: {debuggerAddress: localhost:36645}, networkConnectionEnabled: false, pageLoadStrategy: normal, platformName: any, proxy: Proxy(), se:bidiEnabled: false, se:cdp: ws://172.20.0.4:4444/sessio..., se:cdpVersion: 125.0.6422.76, se:vnc: ws://172.20.0.4:4444/sessio..., se:vncEnabled: true, se:vncLocalAddress: ws://172.20.0.4:7900, setWindowRect: true, strictFileInteractability: false, timeouts: {implicit: 0, pageLoad: 300000, script: 30000}, unhandledPromptBehavior: dismiss and notify, webauthn:extension:credBlob: true, webauthn:extension:largeBlob: true, webauthn:extension:minPinLength: true, webauthn:extension:prf: true, webauthn:virtualAuthenticators: true}
Session ID: 9fb78128b2e0abc5220b38223a88188c
	at org.openqa.selenium.support.ui.WebDriverWait.timeoutException(WebDriverWait.java:84)
	at org.openqa.selenium.support.ui.FluentWait.until(FluentWait.java:228)
	at edu.calidadsoftware.taskmanager.selenium.pages.BasePage.waitUrlContains(BasePage.java:46)
	at edu.calidadsoftware.taskmanager.selenium.pages.TaskFormPage.submit(TaskFormPage.java:44)
	at edu.calidadsoftware.taskmanager.selenium.tests.TaskManagerUiTest.tc05_deleteTask(TaskManagerUiTest.java:109)
	at java.base/java.lang.reflect.Method.invoke(Method.java:566)
	at java.base/java.util.ArrayList.forEach(ArrayList.java:1541)
	at java.base/java.util.ArrayList.forEach(ArrayList.java:1541)
]]></error>
  </testcase>
</testsuite>